c:\users\efrain\source\repos\signeddivmul\signeddivmul\debug\vc141.pdb
c:\users\efrain\source\repos\signeddivmul\signeddivmul\debug\vc141.idb
c:\users\efrain\source\repos\signeddivmul\signeddivmul\debug\signeddivmul.obj
c:\users\efrain\source\repos\x86_assembly_language\x86_assembly_programming_learning\signeddivmul\signeddivmul\debug\vc141.pdb
c:\users\efrain\source\repos\x86_assembly_language\x86_assembly_programming_learning\signeddivmul\signeddivmul\debug\vc141.idb
c:\users\efrain\source\repos\x86_assembly_language\x86_assembly_programming_learning\signeddivmul\signeddivmul\debug\signeddivmul.obj
c:\users\efrain\source\repos\signeddivmul\debug\signeddivmul.exe
c:\users\efrain\source\repos\signeddivmul\debug\signeddivmul.ilk
c:\users\efrain\source\repos\signeddivmul\debug\signeddivmul.pdb
c:\users\efrain\source\repos\x86_assembly_language\x86_assembly_programming_learning\signeddivmul\debug\signeddivmul.exe
c:\users\efrain\source\repos\x86_assembly_language\x86_assembly_programming_learning\signeddivmul\debug\signeddivmul.ilk
c:\users\efrain\source\repos\x86_assembly_language\x86_assembly_programming_learning\signeddivmul\debug\signeddivmul.pdb
c:\users\efrain\source\repos\x86_assembly_language\x86_assembly_programming_learning\signeddivmul\signeddivmul\debug\divmul.obj
c:\users\efrain\source\repos\x86_assembly_language\x86_assembly_programming_learning\signeddivmul\signeddivmul\debug\signeddivmul.tlog\cl.command.1.tlog
c:\users\efrain\source\repos\x86_assembly_language\x86_assembly_programming_learning\signeddivmul\signeddivmul\debug\signeddivmul.tlog\cl.read.1.tlog
c:\users\efrain\source\repos\x86_assembly_language\x86_assembly_programming_learning\signeddivmul\signeddivmul\debug\signeddivmul.tlog\cl.write.1.tlog
c:\users\efrain\source\repos\x86_assembly_language\x86_assembly_programming_learning\signeddivmul\signeddivmul\debug\signeddivmul.tlog\link.command.1.tlog
c:\users\efrain\source\repos\x86_assembly_language\x86_assembly_programming_learning\signeddivmul\signeddivmul\debug\signeddivmul.tlog\link.read.1.tlog
c:\users\efrain\source\repos\x86_assembly_language\x86_assembly_programming_learning\signeddivmul\signeddivmul\debug\signeddivmul.tlog\link.write.1.tlog
c:\users\efrain\source\repos\x86_assembly_language\x86_assembly_programming_learning\signeddivmul\signeddivmul\debug\signeddivmul.tlog\masm.read.1u.tlog
c:\users\efrain\source\repos\x86_assembly_language\x86_assembly_programming_learning\signeddivmul\signeddivmul\debug\signeddivmul.tlog\masm.write.1u.tlog
